mapHelper/app/build/outputs/logs/manifest-merger-debug-report.txt
-- Merging decision tree log ---
manifest
ADDED from src/main/AndroidManifest.xml:2:1-85:12
INJECTED from src/main/AndroidManifest.xml:2:1-85:12
INJECTED from src/main/AndroidManifest.xml:2:1-85:12
INJECTED from src/main/AndroidManifest.xml:2:1-85:12
MERGED from [com.firebaseui:firebase-ui-auth:4.1.0] AndroidManifest.xml:2:1-114:12
MERGED from [com.mapbox.mapboxsdk:mapbox-android-navigation-ui:0.18.0] AndroidManifest.xml:2:1-13:12
MERGED from [com.mapbox.mapboxsdk:mapbox-android-plugin-places:0.6.0] AndroidManifest.xml:2:1-20:12
MERGED from [com.android.support:design:27.1.1] AndroidManifest.xml:17:1-22:12
MERGED from [com.github.bumptech.glide:glide:4.7.1] AndroidManifest.xml:2:1-13:12
MERGED from [de.hdodenhof:circleimageview:2.1.0] AndroidManifest.xml:2:1-11:12
MERGED from [com.mapbox.mapboxsdk:mapbox-android-navigation:0.18.0] AndroidManifest.xml:2:1-15:12
MERGED from [com.android.support:mediarouter-v7:28.0.0] AndroidManifest.xml:17:1-22:12
MERGED from [com.github.forvv231:EasyNavigition:1.0.0] AndroidManifest.xml:2:1-11:12
MERGED from [me.zhanghai.android.materialprogressbar:library:1.4.2] AndroidManifest.xml:6:1-16:12
MERGED from [com.mapbox.mapboxsdk:mapbox-android-plugin-locationlayer:0.7.1] AndroidManifest.xml:2:1-9:12
MERGED from [com.mapbox.mapboxsdk:mapbox-android-sdk:6.5.0] AndroidManifest.xml:2:1-20:12
MERGED from [com.mapbox.mapboxsdk:mapbox-android-telemetry:3.1.5] AndroidManifest.xml:2:1-19:12
MERGED from [com.mapbox.mapboxsdk:mapbox-android-core:0.2.1] AndroidManifest.xml:2:1-13:12
MERGED from [com.android.support:appcompat-v7:28.0.0] AndroidManifest.xml:17:1-22:12
MERGED from [com.android.support.constraint:constraint-layout:1.1.3] AndroidManifest.xml:2:1-11:12
MERGED from [com.google.android.gms:play-services-auth:16.0.1] AndroidManifest.xml:17:1-39:12
MERGED from [com.google.android.gms:play-services-location:16.0.0] AndroidManifest.xml:2:1-9:12
MERGED from [com.google.android.gms:play-services-maps:16.0.0] AndroidManifest.xml:17:1-32:12
MERGED from [com.facebook.fresco:fresco:0.8.1] AndroidManifest.xml:2:1-9:12
MERGED from [com.google.firebase:firebase-core:16.0.4] AndroidManifest.xml:2:1-9:12
MERGED from [com.firebaseui:firebase-ui-database:3.3.1] AndroidManifest.xml:2:1-13:12
MERGED from [com.google.firebase:firebase-database:16.0.3] AndroidManifest.xml:15:1-25:12
MERGED from [com.google.firebase:firebase-measurement-connector-impl:17.0.2] AndroidManifest.xml:17:1-34:12
MERGED from [com.google.firebase:firebase-analytics:16.0.4] AndroidManifest.xml:17:1-55:12
MERGED from [com.google.firebase:firebase-storage:16.0.3] AndroidManifest.xml:15:1-26:12
MERGED from [com.google.firebase:firebase-auth:16.0.4] AndroidManifest.xml:17:1-38:12
MERGED from [com.google.firebase:firebase-config:16.0.1] AndroidManifest.xml:17:1-24:12
MERGED from [com.google.android.gms:play-services-appinvite:16.0.4] AndroidManifest.xml:17:1-37:12
MERGED from [com.google.firebase:firebase-messaging:17.3.3] AndroidManifest.xml:17:1-37:12
MERGED from [com.google.firebase:firebase-appindexing:16.0.2] AndroidManifest.xml:17:1-24:12
MERGED from [com.firebase:firebase-ui:0.1.0] AndroidManifest.xml:2:1-16:12
MERGED from [com.jakewharton:butterknife:8.8.1] AndroidManifest.xml:2:1-7:12
MERGED from [com.android.support:multidex:1.0.3] AndroidManifest.xml:17:1-22:12
MERGED from [com.google.android.gms:play-services-phenotype:16.0.0] AndroidManifest.xml:17:1-24:12
MERGED from [com.google.firebase:firebase-dynamic-links:16.1.2] AndroidManifest.xml:2:1-9:12
MERGED from [com.google.android.gms:play-services-measurement-api:16.0.2] AndroidManifest.xml:17:1-25:12
MERGED from [com.google.firebase:firebase-abt:16.0.1] AndroidManifest.xml:2:1-7:12
MERGED from [com.google.firebase:firebase-analytics-impl:16.2.2] AndroidManifest.xml:17:1-40:12
MERGED from [com.google.firebase:firebase-iid:17.0.3] AndroidManifest.xml:17:1-59:12
MERGED from [com.google.firebase:firebase-iid-interop:16.0.1] AndroidManifest.xml:2:1-10:12
MERGED from [com.google.android.gms:play-services-flags:16.0.1] AndroidManifest.xml:17:1-22:12
MERGED from [com.google.firebase:firebase-auth-interop:16.0.1] AndroidManifest.xml:2:1-10:12
MERGED from [com.google.android.gms:play-services-auth-api-phone:16.0.0] AndroidManifest.xml:2:1-7:12
MERGED from [com.google.android.gms:play-services-auth-base:16.0.0] AndroidManifest.xml:2:1-7:12
MERGED from [com.google.android.gms:play-services-base:16.0.1] AndroidManifest.xml:17:1-29:12
MERGED from [com.google.firebase:firebase-common:16.0.3] AndroidManifest.xml:2:1-17:12
MERGED from [com.google.android.gms:play-services-tasks:16.0.1] AndroidManifest.xml:2:1-9:12
MERGED from [com.google.android.gms:play-services-places-placereport:16.0.0] AndroidManifest.xml:17:1-24:12
MERGED from [com.google.android.gms:play-services-stats:16.0.1] AndroidManifest.xml:2:1-9:12
MERGED from [com.google.firebase:firebase-measurement-connector:17.0.1] AndroidManifest.xml:17:1-25:12
MERGED from [com.google.android.gms:play-services-ads-identifier:16.0.0] AndroidManifest.xml:17:1-24:12
MERGED from [com.google.firebase:firebase-database-collection:16.0.0] AndroidManifest.xml:2:1-8:12
MERGED from [com.google.android.gms:play-services-basement:16.0.1] AndroidManifest.xml:17:1-28:12
MERGED from [com.facebook.fresco:imagepipeline:0.8.1] AndroidManifest.xml:2:1-9:12
MERGED from [com.facebook.fresco:drawee:0.8.1] AndroidManifest.xml:2:1-9:12
MERGED from [com.android.support:support-v4:28.0.0] AndroidManifest.xml:17:1-22:12
MERGED from [com.github.navasmdc:MaterialDesign:1.5] AndroidManifest.xml:2:1-13:12
MERGED from [com.wang.avi:library:2.1.3] AndroidManifest.xml:2:1-11:12
MERGED from [com.android.support:gridlayout-v7:28.0.0] AndroidManifest.xml:17:1-22:12
MERGED from [com.android.support:transition:27.1.1] AndroidManifest.xml:17:1-22:12
MERGED from [com.github.bumptech.glide:gifdecoder:4.7.1] AndroidManifest.xml:2:1-11:12
MERGED from [android.arch.persistence.room:runtime:1.1.0] AndroidManifest.xml:17:1-22:12
MERGED from [android.arch.lifecycle:extensions:1.1.1] AndroidManifest.xml:17:1-30:12
MERGED from [com.android.support:support-fragment:28.0.0] AndroidManifest.xml:17:1-22:12
MERGED from [com.android.support:palette-v7:28.0.0] AndroidManifest.xml:17:1-22:12
MERGED from [com.android.support:customtabs:27.1.1] AndroidManifest.xml:17:1-22:12
MERGED from [com.android.support:animated-vector-drawable:28.0.0] AndroidManifest.xml:17:1-22:12
MERGED from [com.android.support:recyclerview-v7:28.0.0] AndroidManifest.xml:17:1-22:12
MERGED from [com.android.support:support-core-ui:28.0.0] AndroidManifest.xml:17:1-22:12
MERGED from [com.android.support:support-core-utils:28.0.0] AndroidManifest.xml:17:1-22:12
MERGED from [com.android.support:loader:28.0.0] AndroidManifest.xml:17:1-22:12
MERGED from [android.arch.lifecycle:livedata:1.1.1] AndroidManifest.xml:17:1-22:12
MERGED from [android.arch.lifecycle:livedata-core:1.1.1] AndroidManifest.xml:17:1-22:12
MERGED from [android.arch.core:runtime:1.1.1] AndroidManifest.xml:17:1-22:12
MERGED from [com.firebaseui:firebase-ui-common:3.3.1] AndroidManifest.xml:2:1-11:12
MERGED from [com.android.support:support-media-compat:28.0.0] AndroidManifest.xml:17:1-22:12
MERGED from [com.android.support:support-vector-drawable:28.0.0] AndroidManifest.xml:17:1-22:12
MERGED from [com.android.support:viewpager:28.0.0] AndroidManifest.xml:17:1-22:12
MERGED from [com.android.support:coordinatorlayout:28.0.0] AndroidManifest.xml:17:1-22:12
MERGED from [com.android.support:drawerlayout:28.0.0] AndroidManifest.xml:17:1-22:12
MERGED from [com.android.support:slidingpanelayout:28.0.0] AndroidManifest.xml:17:1-22:12
MERGED from [com.android.support:customview:28.0.0] AndroidManifest.xml:17:1-22:12
MERGED from [com.android.support:swiperefreshlayout:28.0.0] AndroidManifest.xml:17:1-22:12
MERGED from [com.android.support:asynclayoutinflater:28.0.0] AndroidManifest.xml:17:1-22:12
MERGED from [com.android.support:support-compat:28.0.0] AndroidManifest.xml:17:1-24:12
MERGED from [android.arch.lifecycle:runtime:1.1.1] AndroidManifest.xml:17:1-22:12
MERGED from [com.android.support:cardview-v7:27.1.1] AndroidManifest.xml:17:1-22:12
MERGED from [com.squareup.picasso:picasso:2.71828] AndroidManifest.xml:2:1-14:12
MERGED from [com.android.support:exifinterface:27.1.0] AndroidManifest.xml:17:1-22:12
MERGED from [android.arch.persistence:db-framework:1.1.0] AndroidManifest.xml:17:1-22:12
MERGED from [android.arch.persistence:db:1.1.0] AndroidManifest.xml:17:1-22:12
MERGED from [com.android.support:versionedparcelable:28.0.0] AndroidManifest.xml:17:1-25:12
MERGED from [com.android.support:cursoradapter:28.0.0] AndroidManifest.xml:17:1-22:12
MERGED from [com.android.support:interpolator:28.0.0] AndroidManifest.xml:17:1-22:12
MERGED from [android.arch.lifecycle:viewmodel:1.1.1] AndroidManifest.xml:17:1-22:12
MERGED from [com.android.support:documentfile:28.0.0] AndroidManifest.xml:17:1-22:12
MERGED from [com.android.support:localbroadcastmanager:28.0.0] AndroidManifest.xml:17:1-22:12
MERGED from [com.android.support:print:28.0.0] AndroidManifest.xml:17:1-22:12
MERGED from [com.facebook.fresco:fbcore:0.8.1] AndroidManifest.xml:2:1-9:12
MERGED from [com.google.android.gms:play-services-measurement-base:16.0.3] AndroidManifest.xml:2:1-9:12
MERGED from [com.mapbox.mapboxsdk:mapbox-android-gestures:0.2.0] AndroidManifest.xml:2:1-11:12
MERGED from [com.jakewharton.timber:timber:4.7.1] AndroidManifest.xml:2:1-9:12
MERGED from [com.daimajia.easing:library:2.0] AndroidManifest.xml:2:1-12:12
MERGED from [com.daimajia.androidanimations:library:2.2] AndroidManifest.xml:2:1-12:12
INJECTED from src/main/AndroidManifest.xml:2:1-85:12
INJECTED from src/main/AndroidManifest.xml:2:1-85:12
INJECTED from src/main/AndroidManifest.xml:2:1-85:12
	package
		ADDED from src/main/AndroidManifest.xml:4:5-43
		INJECTED from src/main/AndroidManifest.xml
		INJECTED from src/main/AndroidManifest.xml
	android:versionName
		INJECTED from src/main/AndroidManifest.xml
		ADDED from src/main/AndroidManifest.xml:2:1-85:12
		INJECTED from src/main/AndroidManifest.xml
	xmlns:tools
		ADDED from src/main/AndroidManifest.xml:3:5-51
	android:versionCode
		INJECTED from src/main/AndroidManifest.xml
		ADDED from src/main/AndroidManifest.xml:2:1-85:12
		INJECTED from src/main/AndroidManifest.xml
	xmlns:android
		ADDED from src/main/AndroidManifest.xml:2:11-69
uses-permission#android.permission.ACCESS_FINE_LOCATION
ADDED from src/main/AndroidManifest.xml:11:5-79
MERGED from [com.mapbox.mapboxsdk:mapbox-android-core:0.2.1] AndroidManifest.xml:11:5-79
MERGED from [com.mapbox.mapboxsdk:mapbox-android-core:0.2.1] AndroidManifest.xml:11:5-79
	android:name
		ADDED from src/main/AndroidManifest.xml:11:22-76
uses-permission#android.permission.INTERNET
ADDED from src/main/AndroidManifest.xml:12:5-67
MERGED from [com.firebaseui:firebase-ui-auth:4.1.0] AndroidManifest.xml:13:5-67
MERGED from [com.firebaseui:firebase-ui-auth:4.1.0] AndroidManifest.xml:13:5-67
MERGED from [com.mapbox.mapboxsdk:mapbox-android-sdk:6.5.0] AndroidManifest.xml:16:5-67
MERGED from [com.mapbox.mapboxsdk:mapbox-android-sdk:6.5.0] AndroidManifest.xml:16:5-67
MERGED from [com.google.android.gms:play-services-maps:16.0.0] AndroidManifest.xml:24:5-67
MERGED from [com.google.android.gms:play-services-maps:16.0.0] AndroidManifest.xml:24:5-67
MERGED from [com.firebaseui:firebase-ui-database:3.3.1] AndroidManifest.xml:11:5-67
MERGED from [com.firebaseui:firebase-ui-database:3.3.1] AndroidManifest.xml:11:5-67
MERGED from [com.google.firebase:firebase-database:16.0.3] AndroidManifest.xml:23:5-67
MERGED from [com.google.firebase:firebase-database:16.0.3] AndroidManifest.xml:23:5-67
MERGED from [com.google.firebase:firebase-measurement-connector-impl:17.0.2] AndroidManifest.xml:22:5-67
MERGED from [com.google.firebase:firebase-measurement-connector-impl:17.0.2] AndroidManifest.xml:22:5-67
MERGED from [com.google.firebase:firebase-analytics:16.0.4] AndroidManifest.xml:23:5-67
MERGED from [com.google.firebase:firebase-analytics:16.0.4] AndroidManifest.xml:23:5-67
MERGED from [com.google.firebase:firebase-storage:16.0.3] AndroidManifest.xml:24:5-67
MERGED from [com.google.firebase:firebase-storage:16.0.3] AndroidManifest.xml:24:5-67
MERGED from [com.google.android.gms:play-services-appinvite:16.0.4] AndroidManifest.xml:22:5-67
MERGED from [com.google.android.gms:play-services-appinvite:16.0.4] AndroidManifest.xml:22:5-67
MERGED from [com.google.firebase:firebase-analytics-impl:16.2.2] AndroidManifest.xml:23:5-67
MERGED from [com.google.firebase:firebase-analytics-impl:16.2.2] AndroidManifest.xml:23:5-67
MERGED from [com.google.firebase:firebase-iid:17.0.3] AndroidManifest.xml:23:5-67
MERGED from [com.google.firebase:firebase-iid:17.0.3] AndroidManifest.xml:23:5-67
	android:name
		ADDED from src/main/AndroidManifest.xml:12:22-64
uses-permission#android.permission.RECORD_AUDIO
ADDED from src/main/AndroidManifest.xml:13:5-71
	android:name
		ADDED from src/main/AndroidManifest.xml:13:22-68
uses-permission#android.permission.CAMERA
ADDED from src/main/AndroidManifest.xml:14:5-65
	android:name
		ADDED from src/main/AndroidManifest.xml:14:22-62
uses-permission#android.permission.MODIFY_AUDIO_SETTINGS
ADDED from src/main/AndroidManifest.xml:15:5-80
	android:name
		ADDED from src/main/AndroidManifest.xml:15:22-77
uses-permission#android.permission.ACCESS_NETWORK_STATE
ADDED from src/main/AndroidManifest.xml:16:5-79
MERGED from [com.firebaseui:firebase-ui-auth:4.1.0] AndroidManifest.xml:12:5-79
MERGED from [com.firebaseui:firebase-ui-auth:4.1.0] AndroidManifest.xml:12:5-79
MERGED from [com.mapbox.mapboxsdk:mapbox-android-sdk:6.5.0] AndroidManifest.xml:17:5-79
MERGED from [com.mapbox.mapboxsdk:mapbox-android-sdk:6.5.0] AndroidManifest.xml:17:5-79
MERGED from [com.google.android.gms:play-services-maps:16.0.0] AndroidManifest.xml:23:5-79
MERGED from [com.google.android.gms:play-services-maps:16.0.0] AndroidManifest.xml:23:5-79
MERGED from [com.google.firebase:firebase-database:16.0.3] AndroidManifest.xml:22:5-79
MERGED from [com.google.firebase:firebase-database:16.0.3] AndroidManifest.xml:22:5-79
MERGED from [com.google.firebase:firebase-measurement-connector-impl:17.0.2] AndroidManifest.xml:23:5-79
MERGED from [com.google.firebase:firebase-measurement-connector-impl:17.0.2] AndroidManifest.xml:23:5-79
MERGED from [com.google.firebase:firebase-analytics:16.0.4] AndroidManifest.xml:24:5-79
MERGED from [com.google.firebase:firebase-analytics:16.0.4] AndroidManifest.xml:24:5-79
MERGED from [com.google.firebase:firebase-storage:16.0.3] AndroidManifest.xml:23:5-79
MERGED from [com.google.firebase:firebase-storage:16.0.3] AndroidManifest.xml:23:5-79
MERGED from [com.google.firebase:firebase-analytics-impl:16.2.2] AndroidManifest.xml:24:5-79
MERGED from [com.google.firebase:firebase-analytics-impl:16.2.2] AndroidManifest.xml:24:5-79
MERGED from [com.google.firebase:firebase-iid:17.0.3] AndroidManifest.xml:22:5-79
MERGED from [com.google.firebase:firebase-iid:17.0.3] AndroidManifest.xml:22:5-79
	android:name
		ADDED from src/main/AndroidManifest.xml:16:22-76
application
ADDED from src/main/AndroidManifest.xml:21:5-83:19
MERGED from [com.firebaseui:firebase-ui-auth:4.1.0] AndroidManifest.xml:15:5-112:19
MERGED from [com.firebaseui:firebase-ui-auth:4.1.0] AndroidManifest.xml:15:5-112:19
MERGED from [com.mapbox.mapboxsdk:mapbox-android-navigation-ui:0.18.0] AndroidManifest.xml:9:5-11:19
MERGED from [com.mapbox.mapboxsdk:mapbox-android-navigation-ui:0.18.0] AndroidManifest.xml:9:5-11:19
MERGED from [com.mapbox.mapboxsdk:mapbox-android-plugin-places:0.6.0] AndroidManifest.xml:9:5-18:19
MERGED from [com.mapbox.mapboxsdk:mapbox-android-plugin-places:0.6.0] AndroidManifest.xml:9:5-18:19
MERGED from [com.github.bumptech.glide:glide:4.7.1] AndroidManifest.xml:11:5-20
MERGED from [com.github.bumptech.glide:glide:4.7.1] AndroidManifest.xml:11:5-20
MERGED from [de.hdodenhof:circleimageview:2.1.0] AndroidManifest.xml:9:5-20
MERGED from [de.hdodenhof:circleimageview:2.1.0] AndroidManifest.xml:9:5-20
MERGED from [com.mapbox.mapboxsdk:mapbox-android-navigation:0.18.0] AndroidManifest.xml:9:5-13:19
MERGED from [com.mapbox.mapboxsdk:mapbox-android-navigation:0.18.0] AndroidManifest.xml:9:5-13:19
MERGED from [com.mapbox.mapboxsdk:mapbox-android-telemetry:3.1.5] AndroidManifest.xml:15:5-17:19
MERGED from [com.mapbox.mapboxsdk:mapbox-android-telemetry:3.1.5] AndroidManifest.xml:15:5-17:19
MERGED from [com.android.support.constraint:constraint-layout:1.1.3] AndroidManifest.xml:9:5-20
MERGED from [com.android.support.constraint:constraint-layout:1.1.3] AndroidManifest.xml:9:5-20
MERGED from [com.google.android.gms:play-services-auth:16.0.1] AndroidManifest.xml:22:5-37:19
MERGED from [com.google.android.gms:play-services-auth:16.0.1] AndroidManifest.xml:22:5-37:19
MERGED from [com.google.android.gms:play-services-location:16.0.0] AndroidManifest.xml:7:5-20
MERGED from [com.google.android.gms:play-services-location:16.0.0] AndroidManifest.xml:7:5-20
MERGED from [com.google.android.gms:play-services-maps:16.0.0] AndroidManifest.xml:30:5-20
MERGED from [com.google.android.gms:play-services-maps:16.0.0] AndroidManifest.xml:30:5-20
MERGED from [com.google.firebase:firebase-core:16.0.4] AndroidManifest.xml:7:5-20
MERGED from [com.google.firebase:firebase-core:16.0.4] AndroidManifest.xml:7:5-20
MERGED from [com.google.firebase:firebase-measurement-connector-impl:17.0.2] AndroidManifest.xml:26:5-32:19
MERGED from [com.google.firebase:firebase-measurement-connector-impl:17.0.2] AndroidManifest.xml:26:5-32:19
MERGED from [com.google.firebase:firebase-analytics:16.0.4] AndroidManifest.xml:28:5-53:19
MERGED from [com.google.firebase:firebase-analytics:16.0.4] AndroidManifest.xml:28:5-53:19
MERGED from [com.google.firebase:firebase-auth:16.0.4] AndroidManifest.xml:22:5-36:19
MERGED from [com.google.firebase:firebase-auth:16.0.4] AndroidManifest.xml:22:5-36:19
MERGED from [com.google.firebase:firebase-config:16.0.1] AndroidManifest.xml:22:5-20
MERGED from [com.google.firebase:firebase-config:16.0.1] AndroidManifest.xml:22:5-20
MERGED from [com.google.android.gms:play-services-appinvite:16.0.4] AndroidManifest.xml:24:5-35:19
MERGED from [com.google.android.gms:play-services-appinvite:16.0.4] AndroidManifest.xml:24:5-35:19
MERGED from [com.google.firebase:firebase-messaging:17.3.3] AndroidManifest.xml:22:5-35:19
MERGED from [com.google.firebase:firebase-messaging:17.3.3] AndroidManifest.xml:22:5-35:19
MERGED from [com.google.firebase:firebase-appindexing:16.0.2] AndroidManifest.xml:22:5-20
MERGED from [com.google.firebase:firebase-appindexing:16.0.2] AndroidManifest.xml:22:5-20
MERGED from [com.firebase:firebase-ui:0.1.0] AndroidManifest.xml:11:5-14:19
MERGED from [com.firebase:firebase-ui:0.1.0] AndroidManifest.xml:11:5-14:19
MERGED from [com.google.android.gms:play-services-phenotype:16.0.0] AndroidManifest.xml:22:5-20
MERGED from [com.google.android.gms:play-services-phenotype:16.0.0] AndroidManifest.xml:22:5-20
MERGED from [com.google.firebase:firebase-dynamic-links:16.1.2] AndroidManifest.xml:7:5-20
MERGED from [com.google.firebase:firebase-dynamic-links:16.1.2] AndroidManifest.xml:7:5-20
MERGED from [com.google.android.gms:play-services-measurement-api:16.0.2] AndroidManifest.xml:22:5-23:19
MERGED from [com.google.android.gms:play-services-measurement-api:16.0.2] AndroidManifest.xml:22:5-23:19
MERGED from [com.google.firebase:firebase-analytics-impl:16.2.2] AndroidManifest.xml:28:5-38:19
MERGED from [com.google.firebase:firebase-analytics-impl:16.2.2] AndroidManifest.xml:28:5-38:19
MERGED from [com.google.firebase:firebase-iid:17.0.3] AndroidManifest.xml:28:5-57:19
MERGED from [com.google.firebase:firebase-iid:17.0.3] AndroidManifest.xml:28:5-57:19
MERGED from [com.google.firebase:firebase-iid-interop:16.0.1] AndroidManifest.xml:7:5-8:19
MERGED from [com.google.firebase:firebase-iid-interop:16.0.1] AndroidManifest.xml:7:5-8:19
MERGED from [com.google.firebase:firebase-auth-interop:16.0.1] AndroidManifest.xml:7:5-8:19
MERGED from [com.google.firebase:firebase-auth-interop:16.0.1] AndroidManifest.xml:7:5-8:19
MERGED from [com.google.android.gms:play-services-base:16.0.1] AndroidManifest.xml:22:5-27:19
MERGED from [com.google.android.gms:play-services-base:16.0.1] AndroidManifest.xml:22:5-27:19
MERGED from [com.google.firebase:firebase-common:16.0.3] AndroidManifest.xml:9:5-15:19
MERGED from [com.google.firebase:firebase-common:16.0.3] AndroidManifest.xml:9:5-15:19
MERGED from [com.google.android.gms:play-services-tasks:16.0.1] AndroidManifest.xml:7:5-20
MERGED from [com.google.android.gms:play-services-tasks:16.0.1] AndroidManifest.xml:7:5-20
MERGED from [com.google.android.gms:play-services-places-placereport:16.0.0] AndroidManifest.xml:22:5-20
MERGED from [com.google.android.gms:play-services-places-placereport:16.0.0] AndroidManifest.xml:22:5-20
MERGED from [com.google.android.gms:play-services-stats:16.0.1] AndroidManifest.xml:7:5-20
MERGED from [com.google.android.gms:play-services-stats:16.0.1] AndroidManifest.xml:7:5-20
MERGED from [com.google.firebase:firebase-measurement-connector:17.0.1] AndroidManifest.xml:22:5-23:19
MERGED from [com.google.firebase:firebase-measurement-connector:17.0.1] AndroidManifest.xml:22:5-23:19
MERGED from [com.google.android.gms:play-services-ads-identifier:16.0.0] AndroidManifest.xml:22:5-20
MERGED from [com.google.android.gms:play-services-ads-identifier:16.0.0] AndroidManifest.xml:22:5-20
MERGED from [com.google.android.gms:play-services-basement:16.0.1] AndroidManifest.xml:22:5-26:19
MERGED from [com.google.android.gms:play-services-basement:16.0.1] AndroidManifest.xml:22:5-26:19
MERGED from [com.github.navasmdc:MaterialDesign:1.5] AndroidManifest.xml:11:5-47
MERGED from [com.github.navasmdc:MaterialDesign:1.5] AndroidManifest.xml:11:5-47
MERGED from [com.github.bumptech.glide:gifdecoder:4.7.1] AndroidManifest.xml:9:5-20
MERGED from [com.github.bumptech.glide:gifdecoder:4.7.1] AndroidManifest.xml:9:5-20
MERGED from [android.arch.lifecycle:extensions:1.1.1] AndroidManifest.xml:22:5-28:19
MERGED from [android.arch.lifecycle:extensions:1.1.1] AndroidManifest.xml:22:5-28:19
MERGED from [com.android.support:support-compat:28.0.0] AndroidManifest.xml:22:5-94
MERGED from [com.android.support:support-compat:28.0.0] AndroidManifest.xml:22:5-94
MERGED from [com.squareup.picasso:picasso:2.71828] AndroidManifest.xml:7:5-12:19
MERGED from [com.squareup.picasso:picasso:2.71828] AndroidManifest.xml:7:5-12:19
MERGED from [com.android.support:versionedparcelable:28.0.0] AndroidManifest.xml:22:5-23:19
MERGED from [com.android.support:versionedparcelable:28.0.0] AndroidManifest.xml:22:5-23:19
MERGED from [com.google.android.gms:play-services-measurement-base:16.0.3] AndroidManifest.xml:7:5-20
MERGED from [com.google.android.gms:play-services-measurement-base:16.0.3] AndroidManifest.xml:7:5-20
MERGED from [com.jakewharton.timber:timber:4.7.1] AndroidManifest.xml:7:5-20
MERGED from [com.jakewharton.timber:timber:4.7.1] AndroidManifest.xml:7:5-20
	android:appComponentFactory
		ADDED from [com.android.support:support-compat:28.0.0] AndroidManifest.xml:22:18-91
	android:supportsRtl
		ADDED from src/main/AndroidManifest.xml:28:9-35
	android:label
		ADDED from src/main/AndroidManifest.xml:25:9-41
	tools:ignore
		ADDED from src/main/AndroidManifest.xml:30:9-48
	android:roundIcon
		ADDED from src/main/AndroidManifest.xml:27:9-47
	android:icon
		ADDED from src/main/AndroidManifest.xml:24:9-42
	android:allowBackup
		ADDED from src/main/AndroidManifest.xml:23:9-35
	android:theme
		ADDED from src/main/AndroidManifest.xml:29:9-40
	android:logo
		ADDED from src/main/AndroidManifest.xml:26:9-42
meta-data#com.google.android.geo.API_KEY
ADDED from src/main/AndroidManifest.xml:31:9-33:55
	android:value
		ADDED from src/main/AndroidManifest.xml:33:13-52
	android:name
		ADDED from src/main/AndroidManifest.xml:32:13-58
meta-data#com.google.android.gms.version
ADDED from src/main/AndroidManifest.xml:34:9-36:69
MERGED from [com.firebaseui:firebase-ui-auth:4.1.0] AndroidManifest.xml:16:9-18:69
MERGED from [com.firebaseui:firebase-ui-auth:4.1.0] AndroidManifest.xml:16:9-18:69
MERGED from [com.google.android.gms:play-services-basement:16.0.1] AndroidManifest.xml:23:9-25:69
MERGED from [com.google.android.gms:play-services-basement:16.0.1] AndroidManifest.xml:23:9-25:69
	android:value
		ADDED from src/main/AndroidManifest.xml:36:13-66
	android:name
		ADDED from src/main/AndroidManifest.xml:35:13-58
uses-library#android.test.runner
ADDED from src/main/AndroidManifest.xml:39:9-40:40
	android:required
		ADDED from src/main/AndroidManifest.xml:40:13-37
	android:name
		ADDED from src/main/AndroidManifest.xml:39:23-57
activity#com.example.vulpix.maphelper.controller.activity.WelcomeActivity
ADDED from src/main/AndroidManifest.xml:42:9-50:20
	android:logo
		ADDED from src/main/AndroidManifest.xml:44:13-52
	android:name
		ADDED from src/main/AndroidManifest.xml:43:13-64
intent-filter#action:name:android.intent.action.MAIN+category:name:android.intent.category.LAUNCHER
ADDED from src/main/AndroidManifest.xml:45:13-49:29
action#android.intent.action.MAIN
ADDED from src/main/AndroidManifest.xml:46:17-69
	android:name
		ADDED from src/main/AndroidManifest.xml:46:25-66
category#android.intent.category.LAUNCHER
ADDED from src/main/AndroidManifest.xml:48:17-77
	android:name
		ADDED from src/main/AndroidManifest.xml:48:27-74
activity#com.example.vulpix.maphelper.controller.activity.ChatActivity
ADDED from src/main/AndroidManifest.xml:51:9-70
	android:name
		ADDED from src/main/AndroidManifest.xml:51:19-67
activity#com.example.vulpix.maphelper.controller.activity.AskForHelp
ADDED from src/main/AndroidManifest.xml:52:9-68
	android:name
		ADDED from src/main/AndroidManifest.xml:52:19-65
activity#com.example.vulpix.maphelper.controller.activity.SelfNavActivity
ADDED from src/main/AndroidManifest.xml:53:9-73
	android:name
		ADDED from src/main/AndroidManifest.xml:53:19-70
activity#com.example.vulpix.maphelper.controller.activity.TrackActivity
ADDED from src/main/AndroidManifest.xml:54:9-71
	android:name
		ADDED from src/main/AndroidManifest.xml:54:19-68
activity#com.example.vulpix.maphelper.controller.activity.SearchFriendActivity
ADDED from src/main/AndroidManifest.xml:55:9-78
	android:name
		ADDED from src/main/AndroidManifest.xml:55:19-75
activity#com.example.vulpix.maphelper.controller.activity.MyRequestActivity
ADDED from src/main/AndroidManifest.xml:56:9-75
	android:name
		ADDED from src/main/AndroidManifest.xml:56:19-72
activity#com.example.vulpix.maphelper.controller.activity.SignUpActivity
ADDED from src/main/AndroidManifest.xml:57:9-72
	android:name
		ADDED from src/main/AndroidManifest.xml:57:19-69
activity#com.example.vulpix.maphelper.controller.activity.StartPageActivity
ADDED from src/main/AndroidManifest.xml:58:9-75
	android:name
		ADDED from src/main/AndroidManifest.xml:58:19-72
activity#com.example.vulpix.maphelper.controller.activity.LoginActivity
ADDED from src/main/AndroidManifest.xml:59:9-71
	android:name
		ADDED from src/main/AndroidManifest.xml:59:19-68
activity#com.example.vulpix.maphelper.controller.activity.MainActivity
ADDED from src/main/AndroidManifest.xml:60:9-70
	android:name
		ADDED from src/main/AndroidManifest.xml:60:19-67
activity#com.example.vulpix.maphelper.controller.activity.ProfileActivity
ADDED from src/main/AndroidManifest.xml:61:9-73
	android:name
		ADDED from src/main/AndroidManifest.xml:61:19-70
activity#com.example.vulpix.maphelper.controller.activity.ShareLocationActivity
ADDED from src/main/AndroidManifest.xml:62:9-79
	android:name
		ADDED from src/main/AndroidManifest.xml:62:19-76
activity#com.example.vulpix.maphelper.controller.activity.ChooseSafeMessenger
ADDED from src/main/AndroidManifest.xml:63:9-77
	android:name
		ADDED from src/main/AndroidManifest.xml:63:19-74
activity#com.example.vulpix.maphelper.controller.activity.NavWithSafeMessage
ADDED from src/main/AndroidManifest.xml:64:9-76
	android:name
		ADDED from src/main/AndroidManifest.xml:64:19-73
service#com.example.vulpix.maphelper.service.MyFirebaseMessagingService
ADDED from src/main/AndroidManifest.xml:66:9-72:19
	android:exported
		ADDED from src/main/AndroidManifest.xml:68:13-37
	android:name
		ADDED from src/main/AndroidManifest.xml:67:13-63
intent-filter#action:name:com.google.firebase.MESSAGING_EVENT
ADDED from src/main/AndroidManifest.xml:69:13-71:29
action#com.google.firebase.MESSAGING_EVENT
ADDED from src/main/AndroidManifest.xml:70:17-78
	android:name
		ADDED from src/main/AndroidManifest.xml:70:25-75
service#com.example.vulpix.maphelper.service.MyFirebaseInstanceIdService
ADDED from src/main/AndroidManifest.xml:73:9-79:19
	android:exported
		ADDED from src/main/AndroidManifest.xml:75:13-37
	android:name
		ADDED from src/main/AndroidManifest.xml:74:13-64
intent-filter#action:name:com.google.firebase.INSTANCE_ID_EVENT
ADDED from src/main/AndroidManifest.xml:76:13-78:29
action#com.google.firebase.INSTANCE_ID_EVENT
ADDED from src/main/AndroidManifest.xml:77:17-80
	android:name
		ADDED from src/main/AndroidManifest.xml:77:25-77
service#com.example.vulpix.maphelper.service.GeofenceTrasitionService
ADDED from src/main/AndroidManifest.xml:80:9-69
	android:name
		ADDED from src/main/AndroidManifest.xml:80:18-66
service#com.example.vulpix.maphelper.service.TrackingOnFirebase
ADDED from src/main/AndroidManifest.xml:81:9-63
	android:name
		ADDED from src/main/AndroidManifest.xml:81:18-60
service#com.example.vulpix.maphelper.service.TrackingByGPS
ADDED from src/main/AndroidManifest.xml:82:9-57
	android:name
		ADDED from src/main/AndroidManifest.xml:82:18-55
uses-sdk
INJECTED from src/main/AndroidManifest.xml reason: use-sdk injection requested
INJECTED from src/main/AndroidManifest.xml
INJECTED from src/main/AndroidManifest.xml
MERGED from [com.firebaseui:firebase-ui-auth:4.1.0] AndroidManifest.xml:8:5-10:41
MERGED from [com.firebaseui:firebase-ui-auth:4.1.0] AndroidManifest.xml:8:5-10:41